[1004/153523.376:ERROR:process_reader_win.cc(123)] NtOpenThread: {Отказано в доступе} Процесс запросил доступ к объекту, но права на доступ не предоставлены. (0xc0000022)
[1004/153523.531:ERROR:exception_snapshot_win.cc(88)] thread ID 720 not found in process
[1004/171335.804:ERROR:process_reader_win.cc(123)] NtOpenThread: {Отказано в доступе} Процесс запросил доступ к объекту, но права на доступ не предоставлены. (0xc0000022)
[1004/171335.845:ERROR:exception_snapshot_win.cc(88)] thread ID 11980 not found in process
[1004/173812.995:ERROR:process_reader_win.cc(123)] NtOpenThread: {Отказано в доступе} Процесс запросил доступ к объекту, но права на доступ не предоставлены. (0xc0000022)
[1004/173813.044:ERROR:exception_snapshot_win.cc(88)] thread ID 15700 not found in process
[1004/174219.908:ERROR:process_reader_win.cc(151)] SuspendThread: Отказано в доступе. (0x5)
[1004/174219.931:ERROR:process_reader_win.cc(151)] SuspendThread: Отказано в доступе. (0x5)
[1004/174219.935:ERROR:process_reader_win.cc(151)] SuspendThread: Отказано в доступе. (0x5)
[1004/174219.940:ERROR:process_reader_win.cc(151)] SuspendThread: Отказано в доступе. (0x5)
[1004/174219.948:ERROR:process_reader_win.cc(151)] SuspendThread: Отказано в доступе. (0x5)
[1004/174219.948:ERROR:process_reader_win.cc(123)] NtOpenThread: {Отказано в доступе} Процесс запросил доступ к объекту, но права на доступ не предоставлены. (0xc0000022)
[1004/174219.961:ERROR:exception_snapshot_win.cc(88)] thread ID 16096 not found in process
[1004/174851.752:ERROR:process_reader_win.cc(123)] NtOpenThread: {Отказано в доступе} Процесс запросил доступ к объекту, но права на доступ не предоставлены. (0xc0000022)
[1004/174852.098:ERROR:exception_snapshot_win.cc(88)] thread ID 4808 not found in process
[1004/182209.337:ERROR:process_reader_win.cc(151)] SuspendThread: Отказано в доступе. (0x5)
[1004/182209.416:ERROR:process_reader_win.cc(151)] SuspendThread: Отказано в доступе. (0x5)
[1004/182209.421:ERROR:process_reader_win.cc(151)] SuspendThread: Отказано в доступе. (0x5)
[1004/182209.425:ERROR:process_reader_win.cc(151)] SuspendThread: Отказано в доступе. (0x5)
[1004/182209.433:ERROR:process_reader_win.cc(151)] SuspendThread: Отказано в доступе. (0x5)
[1004/182209.438:ERROR:process_reader_win.cc(151)] SuspendThread: Отказано в доступе. (0x5)
[1004/182209.438:ERROR:process_reader_win.cc(123)] NtOpenThread: {Отказано в доступе} Процесс запросил доступ к объекту, но права на доступ не предоставлены. (0xc0000022)
[1004/182209.467:ERROR:exception_snapshot_win.cc(88)] thread ID 1784 not found in process
[1004/183410.741:ERROR:process_reader_win.cc(151)] SuspendThread: Отказано в доступе. (0x5)
[1004/183410.813:ERROR:process_reader_win.cc(151)] SuspendThread: Отказано в доступе. (0x5)
[1004/183410.817:ERROR:process_reader_win.cc(151)] SuspendThread: Отказано в доступе. (0x5)
[1004/183410.823:ERROR:process_reader_win.cc(151)] SuspendThread: Отказано в доступе. (0x5)
[1004/183410.828:ERROR:process_reader_win.cc(151)] SuspendThread: Отказано в доступе. (0x5)
[1004/183410.832:ERROR:process_reader_win.cc(151)] SuspendThread: Отказано в доступе. (0x5)
[1004/183410.838:ERROR:process_reader_win.cc(151)] SuspendThread: Отказано в доступе. (0x5)
[1004/183410.846:ERROR:process_reader_win.cc(151)] SuspendThread: Отказано в доступе. (0x5)
[1004/183410.851:ERROR:process_reader_win.cc(151)] SuspendThread: Отказано в доступе. (0x5)
[1004/183410.851:ERROR:process_reader_win.cc(123)] NtOpenThread: {Отказано в доступе} Процесс запросил доступ к объекту, но права на доступ не предоставлены. (0xc0000022)
[1004/183410.865:ERROR:exception_snapshot_win.cc(88)] thread ID 3180 not found in process
[1004/185300.981:ERROR:process_reader_win.cc(123)] NtOpenThread: {Отказано в доступе} Процесс запросил доступ к объекту, но права на доступ не предоставлены. (0xc0000022)
[1004/185301.075:ERROR:exception_snapshot_win.cc(88)] thread ID 15132 not found in process
[1004/185947.990:ERROR:process_reader_win.cc(151)] SuspendThread: Отказано в доступе. (0x5)
[1004/185948.148:ERROR:process_reader_win.cc(151)] SuspendThread: Отказано в доступе. (0x5)
[1004/185948.153:ERROR:process_reader_win.cc(151)] SuspendThread: Отказано в доступе. (0x5)
[1004/185948.159:ERROR:process_reader_win.cc(151)] SuspendThread: Отказано в доступе. (0x5)
[1004/185948.163:ERROR:process_reader_win.cc(151)] SuspendThread: Отказано в доступе. (0x5)
[1004/185948.168:ERROR:process_reader_win.cc(151)] SuspendThread: Отказано в доступе. (0x5)
[1004/185948.173:ERROR:process_reader_win.cc(151)] SuspendThread: Отказано в доступе. (0x5)
[1004/185948.173:ERROR:process_reader_win.cc(123)] NtOpenThread: {Отказано в доступе} Процесс запросил доступ к объекту, но права на доступ не предоставлены. (0xc0000022)
[1004/185948.291:ERROR:exception_snapshot_win.cc(88)] thread ID 13976 not found in process
[1004/185949.333:ERROR:process_reader_win.cc(123)] NtOpenThread: {Отказано в доступе} Процесс запросил доступ к объекту, но права на доступ не предоставлены. (0xc0000022)
[1004/185949.336:ERROR:exception_snapshot_win.cc(88)] thread ID 9268 not found in process
[1004/185951.099:ERROR:process_reader_win.cc(242)] ReadMemory at 0x9fcdbed000 of 77824 bytes failed: Запрос ReadProcessMemory или WriteProcessMemory был выполнен только частично. (0x12B)
[1004/185951.108:ERROR:process_reader_win.cc(242)] ReadMemory at 0x9fcddfe000 of 8192 bytes failed: Запрос ReadProcessMemory или WriteProcessMemory был выполнен только частично. (0x12B)
[1004/185951.108:ERROR:process_reader_win.cc(242)] ReadMemory at 0x9fcdffe000 of 8192 bytes failed: Запрос ReadProcessMemory или WriteProcessMemory был выполнен только частично. (0x12B)
[1004/185951.108:ERROR:process_reader_win.cc(242)] ReadMemory at 0x9fce1fc000 of 16384 bytes failed: Запрос ReadProcessMemory или WriteProcessMemory был выполнен только частично. (0x12B)
[1004/185951.109:ERROR:process_reader_win.cc(242)] ReadMemory at 0x9fce3fe000 of 8192 bytes failed: Запрос ReadProcessMemory или WriteProcessMemory был выполнен только частично. (0x12B)
[1004/185951.109:ERROR:process_reader_win.cc(242)] ReadMemory at 0x9fce5fe000 of 8192 bytes failed: Запрос ReadProcessMemory или WriteProcessMemory был выполнен только частично. (0x12B)
[1004/185951.109:ERROR:process_reader_win.cc(242)] ReadMemory at 0x9fce7fe000 of 8192 bytes failed: Запрос ReadProcessMemory или WriteProcessMemory был выполнен только частично. (0x12B)
[1004/185951.109:ERROR:process_reader_win.cc(242)] ReadMemory at 0x9fce9fd000 of 12288 bytes failed: Запрос ReadProcessMemory или WriteProcessMemory был выполнен только частично. (0x12B)
[1004/185951.110:ERROR:process_reader_win.cc(242)] ReadMemory at 0x9fcebfe000 of 8192 bytes failed: Запрос ReadProcessMemory или WriteProcessMemory был выполнен только частично. (0x12B)
[1004/185951.110:ERROR:process_reader_win.cc(242)] ReadMemory at 0x9fcedfe000 of 8192 bytes failed: Запрос ReadProcessMemory или WriteProcessMemory был выполнен только частично. (0x12B)
[1004/185951.110:ERROR:process_reader_win.cc(242)] ReadMemory at 0x9fceffc000 of 16384 bytes failed: Запрос ReadProcessMemory или WriteProcessMemory был выполнен только частично. (0x12B)
[1004/185951.110:ERROR:process_reader_win.cc(242)] ReadMemory at 0x9fcf1e9000 of 94208 bytes failed: Запрос ReadProcessMemory или WriteProcessMemory был выполнен только частично. (0x12B)
[1004/185951.111:ERROR:process_reader_win.cc(242)] ReadMemory at 0x9fcf3e9000 of 94208 bytes failed: Запрос ReadProcessMemory или WriteProcessMemory был выполнен только частично. (0x12B)
[1004/185951.112:ERROR:process_reader_win.cc(242)] ReadMemory at 0x9fcf5fd000 of 12288 bytes failed: Запрос ReadProcessMemory или WriteProcessMemory был выполнен только частично. (0x12B)
[1004/185951.112:ERROR:process_reader_win.cc(242)] ReadMemory at 0x9fcf7fe000 of 8192 bytes failed: Запрос ReadProcessMemory или WriteProcessMemory был выполнен только частично. (0x12B)
[1004/185951.113:ERROR:process_reader_win.cc(242)] ReadMemory at 0x9fcfbe3000 of 118784 bytes failed: Запрос ReadProcessMemory или WriteProcessMemory был выполнен только частично. (0x12B)
[1004/185951.114:ERROR:process_reader_win.cc(242)] ReadMemory at 0x9fcfdfc000 of 16384 bytes failed: Запрос ReadProcessMemory или WriteProcessMemory был выполнен только частично. (0x12B)
[1004/185951.115:ERROR:process_reader_win.cc(242)] ReadMemory at 0x9fcfffe000 of 8192 bytes failed: Запрос ReadProcessMemory или WriteProcessMemory был выполнен только частично. (0x12B)
[1004/185951.115:ERROR:process_reader_win.cc(242)] ReadMemory at 0x9fcf9fd000 of 12288 bytes failed: Запрос ReadProcessMemory или WriteProcessMemory был выполнен только частично. (0x12B)
[1004/185951.115:ERROR:process_reader_win.cc(242)] ReadMemory at 0x9fcd859000 of 852 bytes failed: Запрос ReadProcessMemory или WriteProcessMemory был выполнен только частично. (0x12B)
[1004/185951.116:ERROR:process_reader_win.cc(242)] ReadMemory at 0x9fcd85a000 of 6024 bytes failed: Запрос ReadProcessMemory или WriteProcessMemory был выполнен только частично. (0x12B)
[1004/185951.116:ERROR:process_reader_win.cc(242)] ReadMemory at 0x9fcd85c000 of 6024 bytes failed: Запрос ReadProcessMemory или WriteProcessMemory был выполнен только частично. (0x12B)
[1004/185951.116:ERROR:process_reader_win.cc(242)] ReadMemory at 0x9fcd85e000 of 6024 bytes failed: Запрос ReadProcessMemory или WriteProcessMemory был выполнен только частично. (0x12B)
[1004/185951.117:ERROR:process_reader_win.cc(242)] ReadMemory at 0x9fcd860000 of 6024 bytes failed: Запрос ReadProcessMemory или WriteProcessMemory был выполнен только частично. (0x12B)
[1004/185951.117:ERROR:process_reader_win.cc(242)] ReadMemory at 0x9fcd862000 of 6024 bytes failed: Запрос ReadProcessMemory или WriteProcessMemory был выполнен только частично. (0x12B)
[1004/185951.117:ERROR:process_reader_win.cc(242)] ReadMemory at 0x9fcd864000 of 6024 bytes failed: Запрос ReadProcessMemory или WriteProcessMemory был выполнен только частично. (0x12B)
[1004/185951.117:ERROR:process_reader_win.cc(242)] ReadMemory at 0x9fcd866000 of 6024 bytes failed: Запрос ReadProcessMemory или WriteProcessMemory был выполнен только частично. (0x12B)
[1004/185951.118:ERROR:process_reader_win.cc(242)] ReadMemory at 0x9fcd868000 of 6024 bytes failed: Запрос ReadProcessMemory или WriteProcessMemory был выполнен только частично. (0x12B)
[1004/185951.118:ERROR:process_reader_win.cc(242)] ReadMemory at 0x9fcd86a000 of 6024 bytes failed: Запрос ReadProcessMemory или WriteProcessMemory был выполнен только частично. (0x12B)
[1004/185951.118:ERROR:process_reader_win.cc(242)] ReadMemory at 0x9fcd86c000 of 6024 bytes failed: Запрос ReadProcessMemory или WriteProcessMemory был выполнен только частично. (0x12B)
[1004/185951.118:ERROR:process_reader_win.cc(242)] ReadMemory at 0x9fcd86e000 of 6024 bytes failed: Запрос ReadProcessMemory или WriteProcessMemory был выполнен только частично. (0x12B)
[1004/185951.119:ERROR:process_reader_win.cc(242)] ReadMemory at 0x9fcd870000 of 6024 bytes failed: Запрос ReadProcessMemory или WriteProcessMemory был выполнен только частично. (0x12B)
[1004/185951.119:ERROR:process_reader_win.cc(242)] ReadMemory at 0x9fcd872000 of 6024 bytes failed: Запрос ReadProcessMemory или WriteProcessMemory был выполнен только частично. (0x12B)
[1004/185951.119:ERROR:process_reader_win.cc(242)] ReadMemory at 0x9fcd874000 of 6024 bytes failed: Запрос ReadProcessMemory или WriteProcessMemory был выполнен только частично. (0x12B)
[1004/185951.120:ERROR:process_reader_win.cc(242)] ReadMemory at 0x9fcd876000 of 6024 bytes failed: Запрос ReadProcessMemory или WriteProcessMemory был выполнен только частично. (0x12B)
[1004/185951.120:ERROR:process_reader_win.cc(242)] ReadMemory at 0x9fcd87a000 of 6024 bytes failed: Запрос ReadProcessMemory или WriteProcessMemory был выполнен только частично. (0x12B)
[1004/185951.120:ERROR:process_reader_win.cc(242)] ReadMemory at 0x9fcd87c000 of 6024 bytes failed: Запрос ReadProcessMemory или WriteProcessMemory был выполнен только частично. (0x12B)
[1004/185951.121:ERROR:process_reader_win.cc(242)] ReadMemory at 0x9fcd87e000 of 6024 bytes failed: Запрос ReadProcessMemory или WriteProcessMemory был выполнен только частично. (0x12B)
[1004/185951.122:ERROR:process_reader_win.cc(242)] ReadMemory at 0x9fcd880000 of 6024 bytes failed: Запрос ReadProcessMemory или WriteProcessMemory был выполнен только частично. (0x12B)
[1004/185951.122:ERROR:process_reader_win.cc(242)] ReadMemory at 0x1a215f40ab0 of 512 bytes failed: Запрос ReadProcessMemory или WriteProcessMemory был выполнен только частично. (0x12B)
[1004/185951.123:ERROR:process_reader_win.cc(242)] ReadMemory at 0x1a215f40fc0 of 8638 bytes failed: Запрос ReadProcessMemory или WriteProcessMemory был выполнен только частично. (0x12B)
[1004/185951.123:ERROR:process_reader_win.cc(242)] ReadMemory at 0x1a215f43190 of 1012 bytes failed: Запрос ReadProcessMemory или WriteProcessMemory был выполнен только частично. (0x12B)
[1004/185951.123:ERROR:process_reader_win.cc(242)] ReadMemory at 0x1a215f437a8 of 118 bytes failed: Запрос ReadProcessMemory или WriteProcessMemory был выполнен только частично. (0x12B)
[1004/185951.124:ERROR:process_reader_win.cc(242)] ReadMemory at 0x1a215f43820 of 1330 bytes failed: Запрос ReadProcessMemory или WriteProcessMemory был выполнен только частично. (0x12B)
[1004/185951.124:ERROR:process_reader_win.cc(242)] ReadMemory at 0x1a215f43d54 of 118 bytes failed: Запрос ReadProcessMemory или WriteProcessMemory был выполнен только частично. (0x12B)
[1004/185951.124:ERROR:process_reader_win.cc(242)] ReadMemory at 0x1a215f43dcc of 96 bytes failed: Запрос ReadProcessMemory или WriteProcessMemory был выполнен только частично. (0x12B)
[1004/185951.124:ERROR:process_reader_win.cc(242)] ReadMemory at 0x1a215f43e40 of 58 bytes failed: Запрос ReadProcessMemory или WriteProcessMemory был выполнен только частично. (0x12B)
[1004/185951.127:ERROR:process_reader_win.cc(242)] ReadMemory at 0x1a215f43f40 of 132 bytes failed: Запрос ReadProcessMemory или WriteProcessMemory был выполнен только частично. (0x12B)
[1004/185951.127:ERROR:process_reader_win.cc(242)] ReadMemory at 0x1a215f440d0 of 132 bytes failed: Запрос ReadProcessMemory или WriteProcessMemory был выполнен только частично. (0x12B)
[1004/185951.128:ERROR:process_reader_win.cc(242)] ReadMemory at 0x1a215f44290 of 126 bytes failed: Запрос ReadProcessMemory или WriteProcessMemory был выполнен только частично. (0x12B)
[1004/185951.130:ERROR:process_reader_win.cc(242)] ReadMemory at 0x1a215f44670 of 132 bytes failed: Запрос ReadProcessMemory или WriteProcessMemory был выполнен только частично. (0x12B)
[1004/185951.131:ERROR:process_reader_win.cc(242)] ReadMemory at 0x1a215f44800 of 64 bytes failed: Запрос ReadProcessMemory или WriteProcessMemory был выполнен только частично. (0x12B)
[1004/185951.131:ERROR:process_reader_win.cc(242)] ReadMemory at 0x1a215f44960 of 132 bytes failed: Запрос ReadProcessMemory или WriteProcessMemory был выполнен только частично. (0x12B)
[1004/185951.131:ERROR:process_reader_win.cc(242)] ReadMemory at 0x1a215f44b60 of 62 bytes failed: Запрос ReadProcessMemory или WriteProcessMemory был выполнен только частично. (0x12B)
[1004/185951.131:ERROR:process_reader_win.cc(242)] ReadMemory at 0x1a215f44c50 of 132 bytes failed: Запрос ReadProcessMemory или WriteProcessMemory был выполнен только частично. (0x12B)
[1004/185951.132:ERROR:process_reader_win.cc(242)] ReadMemory at 0x1a215f44de0 of 68 bytes failed: Запрос ReadProcessMemory или WriteProcessMemory был выполнен только частично. (0x12B)
[1004/185951.132:ERROR:process_reader_win.cc(242)] ReadMemory at 0x1a215f4b140 of 132 bytes failed: Запрос ReadProcessMemory или WriteProcessMemory был выполнен только частично. (0x12B)
[1004/185951.132:ERROR:process_reader_win.cc(242)] ReadMemory at 0x1a215f4b350 of 132 bytes failed: Запрос ReadProcessMemory или WriteProcessMemory был выполнен только частично. (0x12B)
[1004/185951.133:ERROR:process_reader_win.cc(242)] ReadMemory at 0x1a215f4b480 of 62 bytes failed: Запрос ReadProcessMemory или WriteProcessMemory был выполнен только частично. (0x12B)
[1004/185951.133:ERROR:process_reader_win.cc(242)] ReadMemory at 0x1a215f4b880 of 132 bytes failed: Запрос ReadProcessMemory или WriteProcessMemory был выполнен только частично. (0x12B)
[1004/185951.133:ERROR:process_reader_win.cc(242)] ReadMemory at 0x1a215f4cfb0 of 60 bytes failed: Запрос ReadProcessMemory или WriteProcessMemory был выполнен только частично. (0x12B)
[1004/185951.133:ERROR:process_reader_win.cc(242)] ReadMemory at 0x1a215f4d000 of 100 bytes failed: Запрос ReadProcessMemory или WriteProcessMemory был выполнен только частично. (0x12B)
[1004/185951.134:ERROR:process_reader_win.cc(242)] ReadMemory at 0x1a215f4d200 of 132 bytes failed: Запрос ReadProcessMemory или WriteProcessMemory был выполнен только частично. (0x12B)
[1004/185951.134:ERROR:process_reader_win.cc(242)] ReadMemory at 0x1a215f4d390 of 64 bytes failed: Запрос ReadProcessMemory или WriteProcessMemory был выполнен только частично. (0x12B)
[1004/185951.134:ERROR:process_reader_win.cc(242)] ReadMemory at 0x1a215f4d610 of 132 bytes failed: Запрос ReadProcessMemory или WriteProcessMemory был выполнен только частично. (0x12B)
[1004/185951.134:ERROR:process_reader_win.cc(242)] ReadMemory at 0x1a215f4d7a0 of 64 bytes failed: Запрос ReadProcessMemory или WriteProcessMemory был выполнен только частично. (0x12B)
[1004/185951.134:ERROR:process_reader_win.cc(242)] ReadMemory at 0x1a215f4da00 of 132 bytes failed: Запрос ReadProcessMemory или WriteProcessMemory был выполнен только частично. (0x12B)
[1004/185951.135:ERROR:process_reader_win.cc(242)] ReadMemory at 0x1a215f4db90 of 60 bytes failed: Запрос ReadProcessMemory или WriteProcessMemory был выполнен только частично. (0x12B)
[1004/185951.135:ERROR:process_reader_win.cc(242)] ReadMemory at 0x1a215f4deb0 of 132 bytes failed: Запрос ReadProcessMemory или WriteProcessMemory был выполнен только частично. (0x12B)
[1004/185951.135:ERROR:process_reader_win.cc(242)] ReadMemory at 0x1a215f4e040 of 60 bytes failed: Запрос ReadProcessMemory или WriteProcessMemory был выполнен только частично. (0x12B)
[1004/185951.135:ERROR:process_reader_win.cc(242)] ReadMemory at 0x1a215f4e1a0 of 158 bytes failed: Запрос ReadProcessMemory или WriteProcessMemory был выполнен только частично. (0x12B)
[1004/185951.135:ERROR:process_reader_win.cc(242)] ReadMemory at 0x1a215f4e280 of 132 bytes failed: Запрос ReadProcessMemory или WriteProcessMemory был выполнен только частично. (0x12B)
[1004/185951.135:ERROR:process_reader_win.cc(242)] ReadMemory at 0x1a215f4e410 of 62 bytes failed: Запрос ReadProcessMemory или WriteProcessMemory был выполнен только частично. (0x12B)
[1004/185951.136:ERROR:process_reader_win.cc(242)] ReadMemory at 0x1a215f4ef60 of 132 bytes failed: Запрос ReadProcessMemory или WriteProcessMemory был выполнен только частично. (0x12B)
[1004/185951.136:ERROR:process_reader_win.cc(242)] ReadMemory at 0x1a215f4f0e0 of 76 bytes failed: Запрос ReadProcessMemory или WriteProcessMemory был выполнен только частично. (0x12B)
[1004/185951.136:ERROR:process_reader_win.cc(242)] ReadMemory at 0x1a215f4f200 of 80 bytes failed: Запрос ReadProcessMemory или WriteProcessMemory был выполнен только частично. (0x12B)
[1004/185951.136:ERROR:process_reader_win.cc(242)] ReadMemory at 0x1a215f4f500 of 78 bytes failed: Запрос ReadProcessMemory или WriteProcessMemory был выполнен только частично. (0x12B)
[1004/185951.136:ERROR:process_reader_win.cc(242)] ReadMemory at 0x1a215f4fa30 of 132 bytes failed: Запрос ReadProcessMemory или WriteProcessMemory был выполнен только частично. (0x12B)
[1004/185951.137:ERROR:process_reader_win.cc(242)] ReadMemory at 0x1a215f4ff10 of 132 bytes failed: Запрос ReadProcessMemory или WriteProcessMemory был выполнен только частично. (0x12B)
[1004/185951.137:ERROR:process_reader_win.cc(242)] ReadMemory at 0x1a215f50040 of 64 bytes failed: Запрос ReadProcessMemory или WriteProcessMemory был выполнен только частично. (0x12B)
[1004/185951.137:ERROR:process_reader_win.cc(242)] ReadMemory at 0x1a215f511b0 of 132 bytes failed: Запрос ReadProcessMemory или WriteProcessMemory был выполнен только частично. (0x12B)
[1004/185951.137:ERROR:process_reader_win.cc(242)] ReadMemory at 0x1a215f512e0 of 62 bytes failed: Запрос ReadProcessMemory или WriteProcessMemory был выполнен только частично. (0x12B)
[1004/185951.138:ERROR:process_reader_win.cc(242)] ReadMemory at 0x1a215f51450 of 132 bytes failed: Запрос ReadProcessMemory или WriteProcessMemory был выполнен только частично. (0x12B)
[1004/185951.139:ERROR:process_reader_win.cc(242)] ReadMemory at 0x1a215f51580 of 132 bytes failed: Запрос ReadProcessMemory или WriteProcessMemory был выполнен только частично. (0x12B)
[1004/185951.140:ERROR:process_reader_win.cc(242)] ReadMemory at 0x1a215f516b0 of 132 bytes failed: Запрос ReadProcessMemory или WriteProcessMemory был выполнен только частично. (0x12B)
[1004/185951.140:ERROR:process_reader_win.cc(242)] ReadMemory at 0x1a215f517e0 of 132 bytes failed: Запрос ReadProcessMemory или WriteProcessMemory был выполнен только частично. (0x12B)
[1004/185951.140:ERROR:process_reader_win.cc(242)] ReadMemory at 0x1a215f51910 of 132 bytes failed: Запрос ReadProcessMemory или WriteProcessMemory был выполнен только частично. (0x12B)
[1004/185951.140:ERROR:process_reader_win.cc(242)] ReadMemory at 0x1a215f51a40 of 132 bytes failed: Запрос ReadProcessMemory или WriteProcessMemory был выполнен только частично. (0x12B)
[1004/185951.140:ERROR:process_reader_win.cc(242)] ReadMemory at 0x1a215f51b70 of 132 bytes failed: Запрос ReadProcessMemory или WriteProcessMemory был выполнен только частично. (0x12B)
[1004/185951.140:ERROR:process_reader_win.cc(242)] ReadMemory at 0x1a215f51ca0 of 132 bytes failed: Запрос ReadProcessMemory или WriteProcessMemory был выполнен только частично. (0x12B)
[1004/185951.141:ERROR:process_reader_win.cc(242)] ReadMemory at 0x1a215f51dd0 of 132 bytes failed: Запрос ReadProcessMemory или WriteProcessMemory был выполнен только частично. (0x12B)
[1004/185951.141:ERROR:process_reader_win.cc(242)] ReadMemory at 0x1a215f51f00 of 132 bytes failed: Запрос ReadProcessMemory или WriteProcessMemory был выполнен только частично. (0x12B)
[1004/185951.141:ERROR:process_reader_win.cc(242)] ReadMemory at 0x1a215f52030 of 132 bytes failed: Запрос ReadProcessMemory или WriteProcessMemory был выполнен только частично. (0x12B)
[1004/185951.141:ERROR:process_reader_win.cc(242)] ReadMemory at 0x1a215f52160 of 132 bytes failed: Запрос ReadProcessMemory или WriteProcessMemory был выполнен только частично. (0x12B)
[1004/185951.141:ERROR:process_reader_win.cc(242)] ReadMemory at 0x1a215f52290 of 132 bytes failed: Запрос ReadProcessMemory или WriteProcessMemory был выполнен только частично. (0x12B)
[1004/185951.142:ERROR:process_reader_win.cc(242)] ReadMemory at 0x1a215f52460 of 58 bytes failed: Запрос ReadProcessMemory или WriteProcessMemory был выполнен только частично. (0x12B)
[1004/185951.142:ERROR:process_reader_win.cc(242)] ReadMemory at 0x1a215f525f0 of 66 bytes failed: Запрос ReadProcessMemory или WriteProcessMemory был выполнен только частично. (0x12B)
[1004/185951.142:ERROR:process_reader_win.cc(242)] ReadMemory at 0x1a215f52640 of 60 bytes failed: Запрос ReadProcessMemory или WriteProcessMemory был выполнен только частично. (0x12B)
[1004/185951.142:ERROR:process_reader_win.cc(242)] ReadMemory at 0x1a215f52690 of 60 bytes failed: Запрос ReadProcessMemory или WriteProcessMemory был выполнен только частично. (0x12B)
[1004/185951.142:ERROR:process_reader_win.cc(242)] ReadMemory at 0x1a215f526e0 of 62 bytes failed: Запрос ReadProcessMemory или WriteProcessMemory был выполнен только частично. (0x12B)
[1004/185951.142:ERROR:process_reader_win.cc(242)] ReadMemory at 0x1a215f52780 of 62 bytes failed: Запрос ReadProcessMemory или WriteProcessMemory был выполнен только частично. (0x12B)
[1004/185951.143:ERROR:process_reader_win.cc(242)] ReadMemory at 0x1a215f52870 of 62 bytes failed: Запрос ReadProcessMemory или WriteProcessMemory был выполнен только частично. (0x12B)
[1004/185951.143:ERROR:process_reader_win.cc(242)] ReadMemory at 0x1a215f52910 of 58 bytes failed: Запрос ReadProcessMemory или WriteProcessMemory был выполнен только частично. (0x12B)
[1004/185951.143:ERROR:process_reader_win.cc(242)] ReadMemory at 0x1a215f529b0 of 62 bytes failed: Запрос ReadProcessMemory или WriteProcessMemory был выполнен только частично. (0x12B)
[1004/185951.143:ERROR:process_reader_win.cc(242)] ReadMemory at 0x1a215f52a00 of 58 bytes failed: Запрос ReadProcessMemory или WriteProcessMemory был выполнен только частично. (0x12B)
[1004/185951.144:ERROR:process_reader_win.cc(242)] ReadMemory at 0x1a215f52a50 of 62 bytes failed: Запрос ReadProcessMemory или WriteProcessMemory был выполнен только частично. (0x12B)
[1004/185951.144:ERROR:process_reader_win.cc(242)] ReadMemory at 0x1a215f52aa0 of 66 bytes failed: Запрос ReadProcessMemory или WriteProcessMemory был выполнен только частично. (0x12B)
[1004/185951.144:ERROR:process_reader_win.cc(242)] ReadMemory at 0x1a215f52af0 of 64 bytes failed: Запрос ReadProcessMemory или WriteProcessMemory был выполнен только частично. (0x12B)
[1004/185951.145:ERROR:process_reader_win.cc(242)] ReadMemory at 0x1a215f52b40 of 60 bytes failed: Запрос ReadProcessMemory или WriteProcessMemory был выполнен только частично. (0x12B)
[1004/185951.146:ERROR:process_reader_win.cc(242)] ReadMemory at 0x1a215f546c0 of 132 bytes failed: Запрос ReadProcessMemory или WriteProcessMemory был выполнен только частично. (0x12B)
[1004/185951.148:ERROR:process_reader_win.cc(242)] ReadMemory at 0x1a215f547f0 of 132 bytes failed: Запрос ReadProcessMemory или WriteProcessMemory был выполнен только частично. (0x12B)
[1004/185951.149:ERROR:process_reader_win.cc(242)] ReadMemory at 0x1a215f54920 of 132 bytes failed: Запрос ReadProcessMemory или WriteProcessMemory был выполнен только частично. (0x12B)
[1004/185951.150:ERROR:process_reader_win.cc(242)] ReadMemory at 0x1a215f54a50 of 132 bytes failed: Запрос ReadProcessMemory или WriteProcessMemory был выполнен только частично. (0x12B)
[1004/185951.150:ERROR:process_reader_win.cc(242)] ReadMemory at 0x1a215f54b80 of 132 bytes failed: Запрос ReadProcessMemory или WriteProcessMemory был выполнен только частично. (0x12B)
[1004/185951.150:ERROR:process_reader_win.cc(242)] ReadMemory at 0x1a215f54cb0 of 132 bytes failed: Запрос ReadProcessMemory или WriteProcessMemory был выполнен только частично. (0x12B)
[1004/185951.150:ERROR:process_reader_win.cc(242)] ReadMemory at 0x1a215f54de0 of 132 bytes failed: Запрос ReadProcessMemory или WriteProcessMemory был выполнен только частично. (0x12B)
[1004/185951.151:ERROR:process_reader_win.cc(242)] ReadMemory at 0x1a215f54f10 of 132 bytes failed: Запрос ReadProcessMemory или WriteProcessMemory был выполнен только частично. (0x12B)
[1004/185951.151:ERROR:process_reader_win.cc(242)] ReadMemory at 0x1a215f55040 of 132 bytes failed: Запрос ReadProcessMemory или WriteProcessMemory был выполнен только частично. (0x12B)
[1004/185951.152:ERROR:process_reader_win.cc(242)] ReadMemory at 0x1a215f552a0 of 132 bytes failed: Запрос ReadProcessMemory или WriteProcessMemory был выполнен только частично. (0x12B)
[1004/185951.152:ERROR:process_reader_win.cc(242)] ReadMemory at 0x1a215f553d0 of 132 bytes failed: Запрос ReadProcessMemory или WriteProcessMemory был выполнен только частично. (0x12B)
[1004/185951.152:ERROR:process_reader_win.cc(242)] ReadMemory at 0x1a215f55500 of 132 bytes failed: Запрос ReadProcessMemory или WriteProcessMemory был выполнен только частично. (0x12B)
[1004/185951.152:ERROR:process_reader_win.cc(242)] ReadMemory at 0x1a215f55630 of 132 bytes failed: Запрос ReadProcessMemory или WriteProcessMemory был выполнен только частично. (0x12B)
[1004/185951.152:ERROR:process_reader_win.cc(242)] ReadMemory at 0x1a215f55760 of 132 bytes failed: Запрос ReadProcessMemory или WriteProcessMemory был выполнен только частично. (0x12B)
[1004/185951.153:ERROR:process_reader_win.cc(242)] ReadMemory at 0x1a215f55890 of 132 bytes failed: Запрос ReadProcessMemory или WriteProcessMemory был выполнен только частично. (0x12B)
[1004/185951.153:ERROR:process_reader_win.cc(242)] ReadMemory at 0x1a215f559c0 of 132 bytes failed: Запрос ReadProcessMemory или WriteProcessMemory был выполнен только частично. (0x12B)
[1004/185951.153:ERROR:process_reader_win.cc(242)] ReadMemory at 0x1a215f55af0 of 132 bytes failed: Запрос ReadProcessMemory или WriteProcessMemory был выполнен только частично. (0x12B)
[1004/185951.153:ERROR:process_reader_win.cc(242)] ReadMemory at 0x1a215f55c20 of 132 bytes failed: Запрос ReadProcessMemory или WriteProcessMemory был выполнен только частично. (0x12B)
[1004/185951.153:ERROR:process_reader_win.cc(242)] ReadMemory at 0x1a215f55d50 of 132 bytes failed: Запрос ReadProcessMemory или WriteProcessMemory был выполнен только частично. (0x12B)
[1004/185951.154:ERROR:process_reader_win.cc(242)] ReadMemory at 0x1a215f55e80 of 132 bytes failed: Запрос ReadProcessMemory или WriteProcessMemory был выполнен только частично. (0x12B)
[1004/185951.157:ERROR:process_reader_win.cc(242)] ReadMemory at 0x1a215f55fb0 of 132 bytes failed: Запрос ReadProcessMemory или WriteProcessMemory был выполнен только частично. (0x12B)
[1004/185951.157:ERROR:process_reader_win.cc(242)] ReadMemory at 0x1a215f560e0 of 132 bytes failed: Запрос ReadProcessMemory или WriteProcessMemory был выполнен только частично. (0x12B)
[1004/185951.157:ERROR:process_reader_win.cc(242)] ReadMemory at 0x1a215f56210 of 132 bytes failed: Запрос ReadProcessMemory или WriteProcessMemory был выполнен только частично. (0x12B)
[1004/185951.157:ERROR:process_reader_win.cc(242)] ReadMemory at 0x1a215f56340 of 132 bytes failed: Запрос ReadProcessMemory или WriteProcessMemory был выполнен только частично. (0x12B)
[1004/185951.157:ERROR:process_reader_win.cc(242)] ReadMemory at 0x1a215f56470 of 132 bytes failed: Запрос ReadProcessMemory или WriteProcessMemory был выполнен только частично. (0x12B)
[1004/185951.158:ERROR:process_reader_win.cc(242)] ReadMemory at 0x1a215f586a0 of 154 bytes failed: Запрос ReadProcessMemory или WriteProcessMemory был выполнен только частично. (0x12B)
[1004/185951.158:ERROR:process_reader_win.cc(242)] ReadMemory at 0x1a215f591e0 of 66 bytes failed: Запрос ReadProcessMemory или WriteProcessMemory был выполнен только частично. (0x12B)
[1004/185951.158:ERROR:process_reader_win.cc(242)] ReadMemory at 0x1a215f595a0 of 58 bytes failed: Запрос ReadProcessMemory или WriteProcessMemory был выполнен только частично. (0x12B)
[1004/185951.159:ERROR:process_reader_win.cc(242)] ReadMemory at 0x1a215f595f0 of 66 bytes failed: Запрос ReadProcessMemory или WriteProcessMemory был выполнен только частично. (0x12B)
[1004/185951.159:ERROR:process_reader_win.cc(242)] ReadMemory at 0x1a215f5fdc0 of 54 bytes failed: Запрос ReadProcessMemory или WriteProcessMemory был выполнен только частично. (0x12B)
[1004/185951.159:ERROR:process_reader_win.cc(242)] ReadMemory at 0x1a215f655f0 of 60 bytes failed: Запрос ReadProcessMemory или WriteProcessMemory был выполнен только частично. (0x12B)
[1004/185951.159:ERROR:process_reader_win.cc(242)] ReadMemory at 0x1a215f65640 of 64 bytes failed: Запрос ReadProcessMemory или WriteProcessMemory был выполнен только частично. (0x12B)
[1004/185951.159:ERROR:process_reader_win.cc(242)] ReadMemory at 0x1a215f65690 of 64 bytes failed: Запрос ReadProcessMemory или WriteProcessMemory был выполнен только частично. (0x12B)
[1004/185951.160:ERROR:process_reader_win.cc(242)] ReadMemory at 0x1a215f656e0 of 60 bytes failed: Запрос ReadProcessMemory или WriteProcessMemory был выполнен только частично. (0x12B)
[1004/185951.160:ERROR:process_reader_win.cc(242)] ReadMemory at 0x1a215f65730 of 64 bytes failed: Запрос ReadProcessMemory или WriteProcessMemory был выполнен только частично. (0x12B)
[1004/185951.160:ERROR:process_reader_win.cc(242)] ReadMemory at 0x1a215f65780 of 58 bytes failed: Запрос ReadProcessMemory или WriteProcessMemory был выполнен только частично. (0x12B)
[1004/185951.160:ERROR:process_reader_win.cc(242)] ReadMemory at 0x1a215f65820 of 60 bytes failed: Запрос ReadProcessMemory или WriteProcessMemory был выполнен только частично. (0x12B)
[1004/185951.160:ERROR:process_reader_win.cc(242)] ReadMemory at 0x1a215f65870 of 64 bytes failed: Запрос ReadProcessMemory или WriteProcessMemory был выполнен только частично. (0x12B)
[1004/185951.160:ERROR:process_reader_win.cc(242)] ReadMemory at 0x1a215f658c0 of 62 bytes failed: Запрос ReadProcessMemory или WriteProcessMemory был выполнен только частично. (0x12B)
[1004/185951.160:ERROR:process_reader_win.cc(242)] ReadMemory at 0x1a215f65960 of 64 bytes failed: Запрос ReadProcessMemory или WriteProcessMemory был выполнен только частично. (0x12B)
[1004/185951.177:ERROR:process_reader_win.cc(242)] ReadMemory at 0x1a215f65a50 of 60 bytes failed: Запрос ReadProcessMemory или WriteProcessMemory был выполнен только частично. (0x12B)
[1004/185951.177:ERROR:process_reader_win.cc(242)] ReadMemory at 0x1a215f65aa0 of 62 bytes failed: Запрос ReadProcessMemory или WriteProcessMemory был выполнен только частично. (0x12B)
[1004/185951.177:ERROR:process_reader_win.cc(242)] ReadMemory at 0x1a215f65af0 of 64 bytes failed: Запрос ReadProcessMemory или WriteProcessMemory был выполнен только частично. (0x12B)
[1004/185951.177:ERROR:process_reader_win.cc(242)] ReadMemory at 0x1a215f65b40 of 56 bytes failed: Запрос ReadProcessMemory или WriteProcessMemory был выполнен только частично. (0x12B)
[1004/185951.178:ERROR:process_reader_win.cc(242)] ReadMemory at 0x1a215f65d70 of 58 bytes failed: Запрос ReadProcessMemory или WriteProcessMemory был выполнен только частично. (0x12B)
[1004/185951.178:ERROR:process_reader_win.cc(242)] ReadMemory at 0x1a215f65dc0 of 62 bytes failed: Запрос ReadProcessMemory или WriteProcessMemory был выполнен только частично. (0x12B)
[1004/185951.178:ERROR:process_reader_win.cc(242)] ReadMemory at 0x1a215f65f00 of 62 bytes failed: Запрос ReadProcessMemory или WriteProcessMemory был выполнен только частично. (0x12B)
[1004/185951.178:ERROR:process_reader_win.cc(242)] ReadMemory at 0x1a215f65ff0 of 58 bytes failed: Запрос ReadProcessMemory или WriteProcessMemory был выполнен только частично. (0x12B)
[1004/185951.179:ERROR:process_reader_win.cc(242)] ReadMemory at 0x1a215f6c0e0 of 512 bytes failed: Запрос ReadProcessMemory или WriteProcessMemory был выполнен только частично. (0x12B)
[1004/185951.179:ERROR:process_reader_win.cc(242)] ReadMemory at 0x1a215f6d6f0 of 246 bytes failed: Запрос ReadProcessMemory или WriteProcessMemory был выполнен только частично. (0x12B)
[1004/185951.179:ERROR:process_reader_win.cc(242)] ReadMemory at 0x1a215f6f820 of 512 bytes failed: Запрос ReadProcessMemory или WriteProcessMemory был выполнен только частично. (0x12B)
[1004/185951.179:ERROR:process_reader_win.cc(242)] ReadMemory at 0x1a215f6fc70 of 132 bytes failed: Запрос ReadProcessMemory или WriteProcessMemory был выполнен только частично. (0x12B)
[1004/185951.179:ERROR:process_reader_win.cc(242)] ReadMemory at 0x1a215f70130 of 132 bytes failed: Запрос ReadProcessMemory или WriteProcessMemory был выполнен только частично. (0x12B)
[1004/185951.180:ERROR:process_reader_win.cc(242)] ReadMemory at 0x1a215f70980 of 132 bytes failed: Запрос ReadProcessMemory или WriteProcessMemory был выполнен только частично. (0x12B)
[1004/185951.180:ERROR:process_reader_win.cc(242)] ReadMemory at 0x1a215f70e40 of 132 bytes failed: Запрос ReadProcessMemory или WriteProcessMemory был выполнен только частично. (0x12B)
[1004/185951.180:ERROR:process_reader_win.cc(242)] ReadMemory at 0x1a215f71690 of 132 bytes failed: Запрос ReadProcessMemory или WriteProcessMemory был выполнен только частично. (0x12B)
[1004/185951.180:ERROR:process_reader_win.cc(242)] ReadMemory at 0x1a215f71bf0 of 62 bytes failed: Запрос ReadProcessMemory или WriteProcessMemory был выполнен только частично. (0x12B)
[1004/185951.180:ERROR:process_reader_win.cc(242)] ReadMemory at 0x1a215f72500 of 64 bytes failed: Запрос ReadProcessMemory или WriteProcessMemory был выполнен только частично. (0x12B)
[1004/185951.180:ERROR:process_reader_win.cc(242)] ReadMemory at 0x1a215f72910 of 60 bytes failed: Запрос ReadProcessMemory или WriteProcessMemory был выполнен только частично. (0x12B)
[1004/185951.181:ERROR:process_reader_win.cc(242)] ReadMemory at 0x1a215f8c130 of 512 bytes failed: Запрос ReadProcessMemory или WriteProcessMemory был выполнен только частично. (0x12B)
[1004/185951.181:ERROR:process_reader_win.cc(242)] ReadMemory at 0x1a21693ff80 of 512 bytes failed: Запрос ReadProcessMemory или WriteProcessMemory был выполнен только частично. (0x12B)
[1004/185951.181:ERROR:process_reader_win.cc(242)] ReadMemory at 0x1a216960000 of 384 bytes failed: Запрос ReadProcessMemory или WriteProcessMemory был выполнен только частично. (0x12B)
[1004/185951.181:ERROR:process_reader_win.cc(242)] ReadMemory at 0x1a2169911b0 of 512 bytes failed: Запрос ReadProcessMemory или WriteProcessMemory был выполнен только частично. (0x12B)
[1004/185951.181:ERROR:process_reader_win.cc(242)] ReadMemory at 0x1a216999310 of 512 bytes failed: Запрос ReadProcessMemory или WriteProcessMemory был выполнен только частично. (0x12B)
[1004/185951.182:ERROR:process_reader_win.cc(242)] ReadMemory at 0x1a2169adb00 of 688 bytes failed: Запрос ReadProcessMemory или WriteProcessMemory был выполнен только частично. (0x12B)
[1004/185951.182:ERROR:process_reader_win.cc(242)] ReadMemory at 0x1a2169aedb8 of 992 bytes failed: Запрос ReadProcessMemory или WriteProcessMemory был выполнен только частично. (0x12B)
[1004/185951.182:ERROR:process_reader_win.cc(242)] ReadMemory at 0x1a2169b1d38 of 512 bytes failed: Запрос ReadProcessMemory или WriteProcessMemory был выполнен только частично. (0x12B)
[1004/185951.182:ERROR:process_reader_win.cc(242)] ReadMemory at 0x1a2169b6260 of 512 bytes failed: Запрос ReadProcessMemory или WriteProcessMemory был выполнен только частично. (0x12B)
[1004/185951.182:ERROR:process_reader_win.cc(242)] ReadMemory at 0x1a2169be8d0 of 512 bytes failed: Запрос ReadProcessMemory или WriteProcessMemory был выполнен только частично. (0x12B)
[1004/185951.182:ERROR:process_reader_win.cc(242)] ReadMemory at 0x1a218473588 of 512 bytes failed: Запрос ReadProcessMemory или WriteProcessMemory был выполнен только частично. (0x12B)
[1004/185951.183:ERROR:process_reader_win.cc(242)] ReadMemory at 0x1a21849dbb8 of 512 bytes failed: Запрос ReadProcessMemory или WriteProcessMemory был выполнен только частично. (0x12B)
[1004/185951.183:ERROR:process_reader_win.cc(242)] ReadMemory at 0x1a2184a3ef8 of 512 bytes failed: Запрос ReadProcessMemory или WriteProcessMemory был выполнен только частично. (0x12B)
[1004/185951.183:ERROR:process_reader_win.cc(242)] ReadMemory at 0x1a2185b0cd8 of 512 bytes failed: Запрос ReadProcessMemory или WriteProcessMemory был выполнен только частично. (0x12B)
[1004/185951.183:ERROR:process_reader_win.cc(242)] ReadMemory at 0x1a218633e98 of 512 bytes failed: Запрос ReadProcessMemory или WriteProcessMemory был выполнен только частично. (0x12B)
[1004/185951.183:ERROR:process_reader_win.cc(242)] ReadMemory at 0x1a218641a48 of 512 bytes failed: Запрос ReadProcessMemory или WriteProcessMemory был выполнен только частично. (0x12B)
[1004/185951.183:ERROR:process_reader_win.cc(242)] ReadMemory at 0x1a2192fdc00 of 512 bytes failed: Запрос ReadProcessMemory или WriteProcessMemory был выполнен только частично. (0x12B)
[1004/185951.184:ERROR:process_reader_win.cc(242)] ReadMemory at 0x1a2193030a0 of 512 bytes failed: Запрос ReadProcessMemory или WriteProcessMemory был выполнен только частично. (0x12B)
[1004/185951.184:ERROR:process_reader_win.cc(242)] ReadMemory at 0x1a219aab350 of 512 bytes failed: Запрос ReadProcessMemory или WriteProcessMemory был выполнен только частично. (0x12B)
[1004/185951.184:ERROR:process_reader_win.cc(242)] ReadMemory at 0x1a219bb53b0 of 512 bytes failed: Запрос ReadProcessMemory или WriteProcessMemory был выполнен только частично. (0x12B)
[1004/185951.195:ERROR:scoped_process_suspend.cc(40)] NtResumeProcess: Попытка доступа к процессу, выполняющему процедуру завершения. (0xc000010a)
[1004/190436.504:ERROR:process_reader_win.cc(123)] NtOpenThread: {Отказано в доступе} Процесс запросил доступ к объекту, но права на доступ не предоставлены. (0xc0000022)
[1004/190436.509:ERROR:exception_snapshot_win.cc(88)] thread ID 12360 not found in process
[1004/192856.435:ERROR:process_reader_win.cc(123)] NtOpenThread: {Отказано в доступе} Процесс запросил доступ к объекту, но права на доступ не предоставлены. (0xc0000022)
[1004/192856.506:ERROR:exception_snapshot_win.cc(88)] thread ID 9968 not found in process
[1004/193909.974:ERROR:process_reader_win.cc(123)] NtOpenThread: {Отказано в доступе} Процесс запросил доступ к объекту, но права на доступ не предоставлены. (0xc0000022)
[1004/193910.089:ERROR:exception_snapshot_win.cc(88)] thread ID 15800 not found in process
[1004/194847.941:ERROR:process_reader_win.cc(151)] SuspendThread: Отказано в доступе. (0x5)
[1004/194847.998:ERROR:process_reader_win.cc(151)] SuspendThread: Отказано в доступе. (0x5)
[1004/194848.004:ERROR:process_reader_win.cc(151)] SuspendThread: Отказано в доступе. (0x5)
[1004/194848.004:ERROR:process_reader_win.cc(123)] NtOpenThread: {Отказано в доступе} Процесс запросил доступ к объекту, но права на доступ не предоставлены. (0xc0000022)
[1004/194848.023:ERROR:exception_snapshot_win.cc(88)] thread ID 6648 not found in process
[1004/195433.859:ERROR:process_reader_win.cc(123)] NtOpenThread: {Отказано в доступе} Процесс запросил доступ к объекту, но права на доступ не предоставлены. (0xc0000022)
[1004/195434.530:ERROR:exception_snapshot_win.cc(88)] thread ID 13600 not found in process
[1005/151902.299:ERROR:process_reader_win.cc(123)] NtOpenThread: {Отказано в доступе} Процесс запросил доступ к объекту, но права на доступ не предоставлены. (0xc0000022)
[1005/151902.343:ERROR:exception_snapshot_win.cc(88)] thread ID 11628 not found in process
[1005/160506.689:ERROR:process_reader_win.cc(151)] SuspendThread: Отказано в доступе. (0x5)
[1005/160506.727:ERROR:process_reader_win.cc(151)] SuspendThread: Отказано в доступе. (0x5)
[1005/160506.734:ERROR:process_reader_win.cc(151)] SuspendThread: Отказано в доступе. (0x5)
[1005/160506.739:ERROR:process_reader_win.cc(151)] SuspendThread: Отказано в доступе. (0x5)
[1005/160506.744:ERROR:process_reader_win.cc(151)] SuspendThread: Отказано в доступе. (0x5)
[1005/160506.764:ERROR:process_reader_win.cc(151)] SuspendThread: Отказано в доступе. (0x5)
[1005/160506.764:ERROR:process_reader_win.cc(123)] NtOpenThread: {Отказано в доступе} Процесс запросил доступ к объекту, но права на доступ не предоставлены. (0xc0000022)
[1005/160506.773:ERROR:exception_snapshot_win.cc(88)] thread ID 9656 not found in process
[1005/161034.777:ERROR:process_reader_win.cc(123)] NtOpenThread: {Отказано в доступе} Процесс запросил доступ к объекту, но права на доступ не предоставлены. (0xc0000022)
[1005/161034.810:ERROR:exception_snapshot_win.cc(88)] thread ID 18000 not found in process
[1005/172020.141:ERROR:process_reader_win.cc(151)] SuspendThread: Отказано в доступе. (0x5)
[1005/172020.529:ERROR:process_reader_win.cc(151)] SuspendThread: Отказано в доступе. (0x5)
[1005/172020.534:ERROR:process_reader_win.cc(151)] SuspendThread: Отказано в доступе. (0x5)
[1005/172020.540:ERROR:process_reader_win.cc(151)] SuspendThread: Отказано в доступе. (0x5)
[1005/172020.540:ERROR:process_reader_win.cc(123)] NtOpenThread: {Отказано в доступе} Процесс запросил доступ к объекту, но права на доступ не предоставлены. (0xc0000022)
[1005/172020.708:ERROR:exception_snapshot_win.cc(88)] thread ID 17100 not found in process
[1005/172308.434:ERROR:process_reader_win.cc(151)] SuspendThread: Отказано в доступе. (0x5)
[1005/172308.447:ERROR:process_reader_win.cc(151)] SuspendThread: Отказано в доступе. (0x5)
[1005/172308.456:ERROR:process_reader_win.cc(151)] SuspendThread: Отказано в доступе. (0x5)
[1005/172308.461:ERROR:process_reader_win.cc(151)] SuspendThread: Отказано в доступе. (0x5)
[1005/172308.462:ERROR:process_reader_win.cc(123)] NtOpenThread: {Отказано в доступе} Процесс запросил доступ к объекту, но права на доступ не предоставлены. (0xc0000022)
[1005/172308.463:ERROR:exception_snapshot_win.cc(88)] thread ID 12124 not found in process
[1005/172559.606:ERROR:process_reader_win.cc(151)] SuspendThread: Отказано в доступе. (0x5)
[1005/172559.619:ERROR:process_reader_win.cc(151)] SuspendThread: Отказано в доступе. (0x5)
[1005/172559.628:ERROR:process_reader_win.cc(151)] SuspendThread: Отказано в доступе. (0x5)
[1005/172559.633:ERROR:process_reader_win.cc(151)] SuspendThread: Отказано в доступе. (0x5)
[1005/172559.642:ERROR:process_reader_win.cc(151)] SuspendThread: Отказано в доступе. (0x5)
[1005/172559.653:ERROR:process_reader_win.cc(151)] SuspendThread: Отказано в доступе. (0x5)
[1005/172559.659:ERROR:process_reader_win.cc(151)] SuspendThread: Отказано в доступе. (0x5)
[1005/172559.659:ERROR:process_reader_win.cc(123)] NtOpenThread: {Отказано в доступе} Процесс запросил доступ к объекту, но права на доступ не предоставлены. (0xc0000022)
[1005/172559.660:ERROR:exception_snapshot_win.cc(88)] thread ID 18656 not found in process
[1005/173029.859:ERROR:process_reader_win.cc(151)] SuspendThread: Отказано в доступе. (0x5)
[1005/173029.891:ERROR:process_reader_win.cc(151)] SuspendThread: Отказано в доступе. (0x5)
[1005/173029.896:ERROR:process_reader_win.cc(151)] SuspendThread: Отказано в доступе. (0x5)
[1005/173029.901:ERROR:process_reader_win.cc(151)] SuspendThread: Отказано в доступе. (0x5)
[1005/173029.912:ERROR:process_reader_win.cc(151)] SuspendThread: Отказано в доступе. (0x5)
[1005/173029.917:ERROR:process_reader_win.cc(151)] SuspendThread: Отказано в доступе. (0x5)
[1005/173029.927:ERROR:process_reader_win.cc(151)] SuspendThread: Отказано в доступе. (0x5)
[1005/173029.928:ERROR:process_reader_win.cc(123)] NtOpenThread: {Отказано в доступе} Процесс запросил доступ к объекту, но права на доступ не предоставлены. (0xc0000022)
[1005/173029.946:ERROR:exception_snapshot_win.cc(88)] thread ID 18792 not found in process
[1005/194649.019:ERROR:process_reader_win.cc(123)] NtOpenThread: {Отказано в доступе} Процесс запросил доступ к объекту, но права на доступ не предоставлены. (0xc0000022)
[1005/194649.053:ERROR:exception_snapshot_win.cc(88)] thread ID 14212 not found in process
[1005/202748.092:ERROR:process_reader_win.cc(123)] NtOpenThread: {Отказано в доступе} Процесс запросил доступ к объекту, но права на доступ не предоставлены. (0xc0000022)
[1005/202748.185:ERROR:exception_snapshot_win.cc(88)] thread ID 9236 not found in process
[1005/203716.066:ERROR:process_reader_win.cc(123)] NtOpenThread: {Отказано в доступе} Процесс запросил доступ к объекту, но права на доступ не предоставлены. (0xc0000022)
[1005/203716.067:ERROR:exception_snapshot_win.cc(88)] thread ID 15796 not found in process
[1006/193106.873:ERROR:process_reader_win.cc(123)] NtOpenThread: {Отказано в доступе} Процесс запросил доступ к объекту, но права на доступ не предоставлены. (0xc0000022)
[1006/193106.921:ERROR:exception_snapshot_win.cc(88)] thread ID 8444 not found in process
[1006/200728.101:ERROR:process_reader_win.cc(123)] NtOpenThread: {Отказано в доступе} Процесс запросил доступ к объекту, но права на доступ не предоставлены. (0xc0000022)
[1006/200728.241:ERROR:exception_snapshot_win.cc(88)] thread ID 8656 not found in process
[1006/201314.363:ERROR:process_reader_win.cc(123)] NtOpenThread: {Отказано в доступе} Процесс запросил доступ к объекту, но права на доступ не предоставлены. (0xc0000022)
[1006/201315.089:ERROR:exception_snapshot_win.cc(88)] thread ID 14560 not found in process
[1006/201640.792:ERROR:process_reader_win.cc(151)] SuspendThread: Отказано в доступе. (0x5)
[1006/201640.801:ERROR:process_reader_win.cc(151)] SuspendThread: Отказано в доступе. (0x5)
[1006/201640.806:ERROR:process_reader_win.cc(151)] SuspendThread: Отказано в доступе. (0x5)
[1006/201640.814:ERROR:process_reader_win.cc(151)] SuspendThread: Отказано в доступе. (0x5)
[1006/201640.821:ERROR:process_reader_win.cc(151)] SuspendThread: Отказано в доступе. (0x5)
[1006/201640.830:ERROR:process_reader_win.cc(151)] SuspendThread: Отказано в доступе. (0x5)
[1006/201640.838:ERROR:process_reader_win.cc(151)] SuspendThread: Отказано в доступе. (0x5)
[1006/201640.838:ERROR:process_reader_win.cc(123)] NtOpenThread: {Отказано в доступе} Процесс запросил доступ к объекту, но права на доступ не предоставлены. (0xc0000022)
[1006/201640.840:ERROR:exception_snapshot_win.cc(88)] thread ID 10036 not found in process
[1006/204618.532:ERROR:process_reader_win.cc(123)] NtOpenThread: {Отказано в доступе} Процесс запросил доступ к объекту, но права на доступ не предоставлены. (0xc0000022)
[1006/204618.645:ERROR:exception_snapshot_win.cc(88)] thread ID 17256 not found in process
[1006/205919.024:ERROR:process_reader_win.cc(151)] SuspendThread: Отказано в доступе. (0x5)
[1006/205919.062:ERROR:process_reader_win.cc(151)] SuspendThread: Отказано в доступе. (0x5)
[1006/205919.067:ERROR:process_reader_win.cc(151)] SuspendThread: Отказано в доступе. (0x5)
[1006/205919.089:ERROR:process_reader_win.cc(151)] SuspendThread: Отказано в доступе. (0x5)
[1006/205919.095:ERROR:process_reader_win.cc(151)] SuspendThread: Отказано в доступе. (0x5)
[1006/205919.101:ERROR:process_reader_win.cc(151)] SuspendThread: Отказано в доступе. (0x5)
[1006/205919.103:ERROR:process_reader_win.cc(123)] NtOpenThread: {Отказано в доступе} Процесс запросил доступ к объекту, но права на доступ не предоставлены. (0xc0000022)
[1006/205919.121:ERROR:exception_snapshot_win.cc(88)] thread ID 15292 not found in process
[1006/210851.693:ERROR:process_reader_win.cc(151)] SuspendThread: Отказано в доступе. (0x5)
[1006/210851.722:ERROR:process_reader_win.cc(151)] SuspendThread: Отказано в доступе. (0x5)
[1006/210851.727:ERROR:process_reader_win.cc(151)] SuspendThread: Отказано в доступе. (0x5)
[1006/210851.736:ERROR:process_reader_win.cc(151)] SuspendThread: Отказано в доступе. (0x5)
[1006/210851.741:ERROR:process_reader_win.cc(151)] SuspendThread: Отказано в доступе. (0x5)
[1006/210851.747:ERROR:process_reader_win.cc(151)] SuspendThread: Отказано в доступе. (0x5)
[1006/210851.756:ERROR:process_reader_win.cc(151)] SuspendThread: Отказано в доступе. (0x5)
[1006/210851.760:ERROR:process_reader_win.cc(151)] SuspendThread: Отказано в доступе. (0x5)
[1006/210851.760:ERROR:process_reader_win.cc(123)] NtOpenThread: {Отказано в доступе} Процесс запросил доступ к объекту, но права на доступ не предоставлены. (0xc0000022)
[1006/210851.777:ERROR:exception_snapshot_win.cc(88)] thread ID 15844 not found in process
[1006/220814.021:ERROR:process_reader_win.cc(123)] NtOpenThread: {Отказано в доступе} Процесс запросил доступ к объекту, но права на доступ не предоставлены. (0xc0000022)
[1006/220814.161:ERROR:exception_snapshot_win.cc(88)] thread ID 8572 not found in process
[1006/221308.752:ERROR:process_reader_win.cc(151)] SuspendThread: Отказано в доступе. (0x5)
[1006/221308.762:ERROR:process_reader_win.cc(151)] SuspendThread: Отказано в доступе. (0x5)
[1006/221308.768:ERROR:process_reader_win.cc(151)] SuspendThread: Отказано в доступе. (0x5)
[1006/221308.773:ERROR:process_reader_win.cc(151)] SuspendThread: Отказано в доступе. (0x5)
[1006/221308.778:ERROR:process_reader_win.cc(151)] SuspendThread: Отказано в доступе. (0x5)
[1006/221308.789:ERROR:process_reader_win.cc(151)] SuspendThread: Отказано в доступе. (0x5)
[1006/221308.794:ERROR:process_reader_win.cc(151)] SuspendThread: Отказано в доступе. (0x5)
[1006/221308.794:ERROR:process_reader_win.cc(123)] NtOpenThread: {Отказано в доступе} Процесс запросил доступ к объекту, но права на доступ не предоставлены. (0xc0000022)
[1006/221308.796:ERROR:exception_snapshot_win.cc(88)] thread ID 3956 not found in process
[1006/221410.639:ERROR:process_reader_win.cc(123)] NtOpenThread: {Отказано в доступе} Процесс запросил доступ к объекту, но права на доступ не предоставлены. (0xc0000022)
[1006/221410.642:ERROR:exception_snapshot_win.cc(88)] thread ID 18952 not found in process
[1007/144257.060:ERROR:process_reader_win.cc(123)] NtOpenThread: {Отказано в доступе} Процесс запросил доступ к объекту, но права на доступ не предоставлены. (0xc0000022)
[1007/144257.099:ERROR:exception_snapshot_win.cc(88)] thread ID 11672 not found in process
[1007/150024.638:ERROR:process_reader_win.cc(123)] NtOpenThread: {Отказано в доступе} Процесс запросил доступ к объекту, но права на доступ не предоставлены. (0xc0000022)
[1007/150024.737:ERROR:exception_snapshot_win.cc(88)] thread ID 2060 not found in process
[1007/150028.800:ERROR:process_reader_win.cc(151)] SuspendThread: Отказано в доступе. (0x5)
[1007/150028.811:ERROR:process_reader_win.cc(151)] SuspendThread: Отказано в доступе. (0x5)
[1007/150028.816:ERROR:process_reader_win.cc(151)] SuspendThread: Отказано в доступе. (0x5)
[1007/150028.821:ERROR:process_reader_win.cc(151)] SuspendThread: Отказано в доступе. (0x5)
[1007/150028.821:ERROR:process_reader_win.cc(123)] NtOpenThread: {Отказано в доступе} Процесс запросил доступ к объекту, но права на доступ не предоставлены. (0xc0000022)
[1007/150028.822:ERROR:exception_snapshot_win.cc(88)] thread ID 5196 not found in process
[1007/151244.448:ERROR:process_reader_win.cc(123)] NtOpenThread: {Отказано в доступе} Процесс запросил доступ к объекту, но права на доступ не предоставлены. (0xc0000022)
[1007/151244.472:ERROR:exception_snapshot_win.cc(88)] thread ID 9552 not found in process
[1007/151516.929:ERROR:process_reader_win.cc(123)] NtOpenThread: {Отказано в доступе} Процесс запросил доступ к объекту, но права на доступ не предоставлены. (0xc0000022)
[1007/151516.933:ERROR:exception_snapshot_win.cc(88)] thread ID 12212 not found in process
[1007/181359.703:ERROR:process_reader_win.cc(123)] NtOpenThread: {Отказано в доступе} Процесс запросил доступ к объекту, но права на доступ не предоставлены. (0xc0000022)
[1007/181359.868:ERROR:exception_snapshot_win.cc(88)] thread ID 11400 not found in process
[1007/181359.724:ERROR:process_reader_win.cc(123)] NtOpenThread: {Отказано в доступе} Процесс запросил доступ к объекту, но права на доступ не предоставлены. (0xc0000022)
[1007/181359.879:ERROR:exception_snapshot_win.cc(88)] thread ID 2192 not found in process
[1007/190106.151:ERROR:process_reader_win.cc(123)] NtOpenThread: {Отказано в доступе} Процесс запросил доступ к объекту, но права на доступ не предоставлены. (0xc0000022)
[1007/190106.174:ERROR:exception_snapshot_win.cc(88)] thread ID 13296 not found in process
[1007/190107.597:ERROR:process_reader_win.cc(123)] NtOpenThread: {Отказано в доступе} Процесс запросил доступ к объекту, но права на доступ не предоставлены. (0xc0000022)
[1007/190107.600:ERROR:exception_snapshot_win.cc(88)] thread ID 12628 not found in process
[1007/190604.652:ERROR:process_reader_win.cc(123)] NtOpenThread: {Отказано в доступе} Процесс запросил доступ к объекту, но права на доступ не предоставлены. (0xc0000022)
[1007/190604.944:ERROR:exception_snapshot_win.cc(88)] thread ID 14080 not found in process
[1007/190607.996:ERROR:process_reader_win.cc(123)] NtOpenThread: {Отказано в доступе} Процесс запросил доступ к объекту, но права на доступ не предоставлены. (0xc0000022)
[1007/190608.000:ERROR:exception_snapshot_win.cc(88)] thread ID 10712 not found in process
[1007/190609.717:ERROR:process_reader_win.cc(123)] NtOpenThread: {Отказано в доступе} Процесс запросил доступ к объекту, но права на доступ не предоставлены. (0xc0000022)
[1007/190609.720:ERROR:exception_snapshot_win.cc(88)] thread ID 3200 not found in process
[1007/191445.810:ERROR:process_reader_win.cc(123)] NtOpenThread: {Отказано в доступе} Процесс запросил доступ к объекту, но права на доступ не предоставлены. (0xc0000022)
[1007/191445.810:ERROR:exception_snapshot_win.cc(88)] thread ID 9592 not found in process
[1007/191447.050:ERROR:process_reader_win.cc(123)] NtOpenThread: {Отказано в доступе} Процесс запросил доступ к объекту, но права на доступ не предоставлены. (0xc0000022)
[1007/191447.050:ERROR:exception_snapshot_win.cc(88)] thread ID 3312 not found in process
[1007/192548.155:ERROR:process_reader_win.cc(123)] NtOpenThread: {Отказано в доступе} Процесс запросил доступ к объекту, но права на доступ не предоставлены. (0xc0000022)
[1007/192548.158:ERROR:exception_snapshot_win.cc(88)] thread ID 6412 not found in process
[1008/122237.694:ERROR:process_reader_win.cc(123)] NtOpenThread: {Отказано в доступе} Процесс запросил доступ к объекту, но права на доступ не предоставлены. (0xc0000022)
[1008/122237.749:ERROR:exception_snapshot_win.cc(88)] thread ID 15088 not found in process
[1008/123757.622:ERROR:process_reader_win.cc(151)] SuspendThread: Отказано в доступе. (0x5)
[1008/123757.664:ERROR:process_reader_win.cc(151)] SuspendThread: Отказано в доступе. (0x5)
[1008/123757.668:ERROR:process_reader_win.cc(151)] SuspendThread: Отказано в доступе. (0x5)
[1008/123757.673:ERROR:process_reader_win.cc(151)] SuspendThread: Отказано в доступе. (0x5)
[1008/123757.678:ERROR:process_reader_win.cc(151)] SuspendThread: Отказано в доступе. (0x5)
[1008/123757.683:ERROR:process_reader_win.cc(151)] SuspendThread: Отказано в доступе. (0x5)
[1008/123757.683:ERROR:process_reader_win.cc(123)] NtOpenThread: {Отказано в доступе} Процесс запросил доступ к объекту, но права на доступ не предоставлены. (0xc0000022)
[1008/123757.717:ERROR:exception_snapshot_win.cc(88)] thread ID 12148 not found in process
[1008/125447.872:ERROR:process_reader_win.cc(123)] NtOpenThread: {Отказано в доступе} Процесс запросил доступ к объекту, но права на доступ не предоставлены. (0xc0000022)
[1008/125447.918:ERROR:exception_snapshot_win.cc(88)] thread ID 304 not found in process
[1008/125637.702:ERROR:process_reader_win.cc(123)] NtOpenThread: {Отказано в доступе} Процесс запросил доступ к объекту, но права на доступ не предоставлены. (0xc0000022)
[1008/125637.704:ERROR:exception_snapshot_win.cc(88)] thread ID 2932 not found in process
[1008/130504.901:ERROR:process_reader_win.cc(123)] NtOpenThread: {Отказано в доступе} Процесс запросил доступ к объекту, но права на доступ не предоставлены. (0xc0000022)
[1008/130504.969:ERROR:exception_snapshot_win.cc(88)] thread ID 9368 not found in process
[1008/133607.754:ERROR:process_reader_win.cc(123)] NtOpenThread: {Отказано в доступе} Процесс запросил доступ к объекту, но права на доступ не предоставлены. (0xc0000022)
[1008/133607.914:ERROR:exception_snapshot_win.cc(88)] thread ID 9224 not found in process
[1008/134656.212:ERROR:process_reader_win.cc(123)] NtOpenThread: {Отказано в доступе} Процесс запросил доступ к объекту, но права на доступ не предоставлены. (0xc0000022)
[1008/134656.556:ERROR:exception_snapshot_win.cc(88)] thread ID 9836 not found in process
[1008/135833.387:ERROR:process_reader_win.cc(151)] SuspendThread: Отказано в доступе. (0x5)
[1008/135833.406:ERROR:process_reader_win.cc(151)] SuspendThread: Отказано в доступе. (0x5)
[1008/135833.410:ERROR:process_reader_win.cc(151)] SuspendThread: Отказано в доступе. (0x5)
[1008/135833.433:ERROR:process_reader_win.cc(151)] SuspendThread: Отказано в доступе. (0x5)
[1008/135833.441:ERROR:process_reader_win.cc(151)] SuspendThread: Отказано в доступе. (0x5)
[1008/135833.447:ERROR:process_reader_win.cc(151)] SuspendThread: Отказано в доступе. (0x5)
[1008/135833.454:ERROR:process_reader_win.cc(151)] SuspendThread: Отказано в доступе. (0x5)
[1008/135833.454:ERROR:process_reader_win.cc(123)] NtOpenThread: {Отказано в доступе} Процесс запросил доступ к объекту, но права на доступ не предоставлены. (0xc0000022)
[1008/135833.472:ERROR:exception_snapshot_win.cc(88)] thread ID 7864 not found in process
[1008/135834.634:ERROR:process_reader_win.cc(151)] SuspendThread: Отказано в доступе. (0x5)
[1008/135834.642:ERROR:process_reader_win.cc(151)] SuspendThread: Отказано в доступе. (0x5)
[1008/135834.648:ERROR:process_reader_win.cc(151)] SuspendThread: Отказано в доступе. (0x5)
[1008/135834.654:ERROR:process_reader_win.cc(151)] SuspendThread: Отказано в доступе. (0x5)
[1008/135834.659:ERROR:process_reader_win.cc(151)] SuspendThread: Отказано в доступе. (0x5)
[1008/135834.664:ERROR:process_reader_win.cc(151)] SuspendThread: Отказано в доступе. (0x5)
[1008/135834.669:ERROR:process_reader_win.cc(151)] SuspendThread: Отказано в доступе. (0x5)
[1008/135834.674:ERROR:process_reader_win.cc(151)] SuspendThread: Отказано в доступе. (0x5)
[1008/135834.679:ERROR:process_reader_win.cc(151)] SuspendThread: Отказано в доступе. (0x5)
[1008/135834.685:ERROR:process_reader_win.cc(151)] SuspendThread: Отказано в доступе. (0x5)
[1008/135834.690:ERROR:process_reader_win.cc(151)] SuspendThread: Отказано в доступе. (0x5)
[1008/135834.696:ERROR:process_reader_win.cc(151)] SuspendThread: Отказано в доступе. (0x5)
[1008/135834.702:ERROR:process_reader_win.cc(151)] SuspendThread: Отказано в доступе. (0x5)
[1008/135834.703:ERROR:process_reader_win.cc(123)] NtOpenThread: {Отказано в доступе} Процесс запросил доступ к объекту, но права на доступ не предоставлены. (0xc0000022)
[1008/135834.704:ERROR:exception_snapshot_win.cc(88)] thread ID 14152 not found in process
[1008/141146.717:ERROR:process_reader_win.cc(123)] NtOpenThread: {Отказано в доступе} Процесс запросил доступ к объекту, но права на доступ не предоставлены. (0xc0000022)
[1008/141146.718:ERROR:exception_snapshot_win.cc(88)] thread ID 10472 not found in process
[1008/142224.616:ERROR:process_reader_win.cc(123)] NtOpenThread: {Отказано в доступе} Процесс запросил доступ к объекту, но права на доступ не предоставлены. (0xc0000022)
[1008/142224.619:ERROR:exception_snapshot_win.cc(88)] thread ID 11176 not found in process
[1008/145056.313:ERROR:process_reader_win.cc(123)] NtOpenThread: {Отказано в доступе} Процесс запросил доступ к объекту, но права на доступ не предоставлены. (0xc0000022)
[1008/145056.349:ERROR:exception_snapshot_win.cc(88)] thread ID 14632 not found in process
[1008/150936.590:ERROR:process_reader_win.cc(123)] NtOpenThread: {Отказано в доступе} Процесс запросил доступ к объекту, но права на доступ не предоставлены. (0xc0000022)
[1008/150936.590:ERROR:exception_snapshot_win.cc(88)] thread ID 14292 not found in process
[1009/202006.958:ERROR:process_reader_win.cc(123)] NtOpenThread: {Отказано в доступе} Процесс запросил доступ к объекту, но права на доступ не предоставлены. (0xc0000022)
[1009/202007.001:ERROR:exception_snapshot_win.cc(88)] thread ID 13172 not found in process
[1009/202007.842:ERROR:process_reader_win.cc(123)] NtOpenThread: {Отказано в доступе} Процесс запросил доступ к объекту, но права на доступ не предоставлены. (0xc0000022)
[1009/202007.844:ERROR:exception_snapshot_win.cc(88)] thread ID 5900 not found in process
[1009/205429.775:ERROR:process_reader_win.cc(123)] NtOpenThread: {Отказано в доступе} Процесс запросил доступ к объекту, но права на доступ не предоставлены. (0xc0000022)
[1009/205429.778:ERROR:exception_snapshot_win.cc(88)] thread ID 11588 not found in process
[1009/210450.605:ERROR:process_reader_win.cc(123)] NtOpenThread: {Отказано в доступе} Процесс запросил доступ к объекту, но права на доступ не предоставлены. (0xc0000022)
[1009/210450.608:ERROR:exception_snapshot_win.cc(88)] thread ID 2780 not found in process
[1009/210848.082:ERROR:process_reader_win.cc(151)] SuspendThread: Отказано в доступе. (0x5)
[1009/210848.091:ERROR:process_reader_win.cc(151)] SuspendThread: Отказано в доступе. (0x5)
[1009/210848.096:ERROR:process_reader_win.cc(151)] SuspendThread: Отказано в доступе. (0x5)
[1009/210848.101:ERROR:process_reader_win.cc(151)] SuspendThread: Отказано в доступе. (0x5)
[1009/210848.106:ERROR:process_reader_win.cc(151)] SuspendThread: Отказано в доступе. (0x5)
[1009/210848.111:ERROR:process_reader_win.cc(151)] SuspendThread: Отказано в доступе. (0x5)
[1009/210848.116:ERROR:process_reader_win.cc(151)] SuspendThread: Отказано в доступе. (0x5)
[1009/210848.116:ERROR:process_reader_win.cc(123)] NtOpenThread: {Отказано в доступе} Процесс запросил доступ к объекту, но права на доступ не предоставлены. (0xc0000022)
[1009/210848.117:ERROR:exception_snapshot_win.cc(88)] thread ID 1696 not found in process
[1009/210848.558:ERROR:process_reader_win.cc(123)] NtOpenThread: {Отказано в доступе} Процесс запросил доступ к объекту, но права на доступ не предоставлены. (0xc0000022)
[1009/210848.561:ERROR:exception_snapshot_win.cc(88)] thread ID 10280 not found in process
[1009/211019.277:ERROR:process_reader_win.cc(123)] NtOpenThread: {Отказано в доступе} Процесс запросил доступ к объекту, но права на доступ не предоставлены. (0xc0000022)
[1009/211019.281:ERROR:exception_snapshot_win.cc(88)] thread ID 1376 not found in process
[1009/213332.727:ERROR:process_reader_win.cc(123)] NtOpenThread: {Отказано в доступе} Процесс запросил доступ к объекту, но права на доступ не предоставлены. (0xc0000022)
[1009/213333.688:ERROR:exception_snapshot_win.cc(88)] thread ID 8464 not found in process
[1010/122516.226:ERROR:process_reader_win.cc(123)] NtOpenThread: {Отказано в доступе} Процесс запросил доступ к объекту, но права на доступ не предоставлены. (0xc0000022)
[1010/122516.289:ERROR:exception_snapshot_win.cc(88)] thread ID 11524 not found in process
[1010/125743.338:ERROR:process_reader_win.cc(123)] NtOpenThread: {Отказано в доступе} Процесс запросил доступ к объекту, но права на доступ не предоставлены. (0xc0000022)
[1010/125743.397:ERROR:exception_snapshot_win.cc(88)] thread ID 2736 not found in process
[1010/125744.375:ERROR:process_reader_win.cc(123)] NtOpenThread: {Отказано в доступе} Процесс запросил доступ к объекту, но права на доступ не предоставлены. (0xc0000022)
[1010/125744.378:ERROR:exception_snapshot_win.cc(88)] thread ID 8268 not found in process
[1010/165913.130:ERROR:process_reader_win.cc(123)] NtOpenThread: {Отказано в доступе} Процесс запросил доступ к объекту, но права на доступ не предоставлены. (0xc0000022)
[1010/165913.585:ERROR:exception_snapshot_win.cc(88)] thread ID 7608 not found in process
